<!DOCTYPE html PUBLIC "-//W3C//DTD XHTML 1.1//EN" "https://www.w3.org/TR/xhtml11/DTD/xhtml11.dtd">
<html xmlns="https://www.w3.org/1999/xhtml">
<head>
<meta http-equiv="content-type" content="text/html; charset=UTF-8"/>
<title>TestNG Report</title>
<style type="text/css">table {margin-bottom:10px;border-collapse:collapse;empty-cells:show}th,td {border:1px solid #009;padding:.25em .5em}th {vertical-align:bottom}td {vertical-align:top}table a {font-weight:bold}.stripe td {background-color: #E6EBF9}.num {text-align:right}.passedodd td {background-color: #3F3}.passedeven td {background-color: #0A0}.skippedodd td {background-color: #DDD}.skippedeven td {background-color: #CCC}.failedodd td,.attn {background-color: #F33}.failedeven td,.stripe .attn {background-color: #D00}.stacktrace {white-space:pre;font-family:monospace}.totop {font-size:85%;text-align:center;border-bottom:2px solid #000}.invisible {display:none}</style>
</head>
<body>
<table>
<tr><th>Test</th><th># Passed</th><th># Skipped</th><th># Retried</th><th># Failed</th><th>Time (ms)</th><th>Included Groups</th><th>Excluded Groups</th></tr>
<tr><th colspan="8">Suite</th></tr>
<tr><td><a href="#t0">FancodeUsersTestModule</a></td><td class="num">4</td><td class="num attn">7</td><td class="num">0</td><td class="num">0</td><td class="num">5,239</td><td></td><td></td></tr>
</table>
<table id='summary'><thead><tr><th>Class</th><th>Method</th><th>Start</th><th>Time (ms)</th></tr></thead><tbody><tr><th colspan="4">Suite</th></tr></tbody><tbody id="t0"><tr><th colspan="4">FancodeUsersTestModule &#8212; skipped</th></tr><tr class="skippedeven"><td rowspan="7">Testing.Fancode_City_Assignment.FancodeUsersTest</td><td><a href="#m0">TestTodosCompletionForFancodeCityUsers</a></td><td rowspan="7">1728576703259</td><td rowspan="7">0</td></tr><tr class="skippedeven"><td><a href="#m1">TestTodosCompletionForFancodeCityUsers</a></td></tr><tr class="skippedeven"><td><a href="#m2">TestTodosCompletionForFancodeCityUsers</a></td></tr><tr class="skippedeven"><td><a href="#m3">TestTodosCompletionForFancodeCityUsers</a></td></tr><tr class="skippedeven"><td><a href="#m4">TestTodosCompletionForFancodeCityUsers</a></td></tr><tr class="skippedeven"><td><a href="#m5">TestTodosCompletionForFancodeCityUsers</a></td></tr><tr class="skippedeven"><td><a href="#m6">TestTodosCompletionForFancodeCityUsers</a></td></tr><tr><th colspan="4">FancodeUsersTestModule &#8212; passed</th></tr><tr class="passedeven"><td rowspan="4">Testing.Fancode_City_Assignment.FancodeUsersTest</td><td><a href="#m7">TestTodosCompletionForFancodeCityUsers</a></td><td rowspan="3">1728576703255</td><td rowspan="3">3</td></tr><tr class="passedeven"><td><a href="#m8">TestTodosCompletionForFancodeCityUsers</a></td></tr><tr class="passedeven"><td><a href="#m9">TestTodosCompletionForFancodeCityUsers</a></td></tr><tr class="passedeven"><td><a href="#m10">validateSufficientUsersForFancodeCity</a></td><td rowspan="1">1728576703234</td><td rowspan="1">14</td></tr></tbody>
</table>
<h2>FancodeUsersTestModule</h2><h3 id="m0">Testing.Fancode_City_Assignment.FancodeUsersTest#TestTodosCompletionForFancodeCityUsers</h3><table class="result"><tr class="param"><th>Parameter #1</th><th>Parameter #2</th><th>Parameter #3</th><th>Parameter #4</th></tr><tr class="param stripe"><td>2</td><td>-43.9509</td><td>-34.4618</td><td>40.0</td></tr><tr><th colspan="4">Exception</th></tr><tr><td colspan="4"><div class="stacktrace">org.testng.SkipException: Data is skipped as User&apos;s Latitude: -43.9509 and User&apos;s Longitude: -34.4618 are not within Fancode City
	at Testing.Fancode_City_Assignment.FancodeUsersTest.TestTodosCompletionForFancodeCityUsers(FancodeUsersTest.java:177)
	at java.base/java.util.ArrayList.forEach(ArrayList.java:1511)
... Removed 27 stack frames</div></td></tr></table><p class="totop"><a href="#summary">back to summary</a></p>
<h3 id="m1">Testing.Fancode_City_Assignment.FancodeUsersTest#TestTodosCompletionForFancodeCityUsers</h3><table class="result"><tr class="param"><th>Parameter #1</th><th>Parameter #2</th><th>Parameter #3</th><th>Parameter #4</th></tr><tr class="param stripe"><td>4</td><td>29.4572</td><td>-164.2990</td><td>30.0</td></tr><tr><th colspan="4">Exception</th></tr><tr><td colspan="4"><div class="stacktrace">org.testng.SkipException: Data is skipped as User&apos;s Latitude: 29.4572 and User&apos;s Longitude: -164.2990 are not within Fancode City
	at Testing.Fancode_City_Assignment.FancodeUsersTest.TestTodosCompletionForFancodeCityUsers(FancodeUsersTest.java:177)
	at java.base/java.util.ArrayList.forEach(ArrayList.java:1511)
... Removed 27 stack frames</div></td></tr></table><p class="totop"><a href="#summary">back to summary</a></p>
<h3 id="m2">Testing.Fancode_City_Assignment.FancodeUsersTest#TestTodosCompletionForFancodeCityUsers</h3><table class="result"><tr class="param"><th>Parameter #1</th><th>Parameter #2</th><th>Parameter #3</th><th>Parameter #4</th></tr><tr class="param stripe"><td>7</td><td>24.8918</td><td>21.8984</td><td>45.0</td></tr><tr><th colspan="4">Exception</th></tr><tr><td colspan="4"><div class="stacktrace">org.testng.SkipException: Data is skipped as User&apos;s Latitude: 24.8918 and User&apos;s Longitude: 21.8984 are not within Fancode City
	at Testing.Fancode_City_Assignment.FancodeUsersTest.TestTodosCompletionForFancodeCityUsers(FancodeUsersTest.java:177)
	at java.base/java.util.ArrayList.forEach(ArrayList.java:1511)
... Removed 27 stack frames</div></td></tr></table><p class="totop"><a href="#summary">back to summary</a></p>
<h3 id="m3">Testing.Fancode_City_Assignment.FancodeUsersTest#TestTodosCompletionForFancodeCityUsers</h3><table class="result"><tr class="param"><th>Parameter #1</th><th>Parameter #2</th><th>Parameter #3</th><th>Parameter #4</th></tr><tr class="param stripe"><td>8</td><td>-14.3990</td><td>-120.7677</td><td>55.0</td></tr><tr><th colspan="4">Exception</th></tr><tr><td colspan="4"><div class="stacktrace">org.testng.SkipException: Data is skipped as User&apos;s Latitude: -14.3990 and User&apos;s Longitude: -120.7677 are not within Fancode City
	at Testing.Fancode_City_Assignment.FancodeUsersTest.TestTodosCompletionForFancodeCityUsers(FancodeUsersTest.java:177)
	at java.base/java.util.ArrayList.forEach(ArrayList.java:1511)
... Removed 27 stack frames</div></td></tr></table><p class="totop"><a href="#summary">back to summary</a></p>
<h3 id="m4">Testing.Fancode_City_Assignment.FancodeUsersTest#TestTodosCompletionForFancodeCityUsers</h3><table class="result"><tr class="param"><th>Parameter #1</th><th>Parameter #2</th><th>Parameter #3</th><th>Parameter #4</th></tr><tr class="param stripe"><td>9</td><td>24.6463</td><td>-168.8889</td><td>40.0</td></tr><tr><th colspan="4">Exception</th></tr><tr><td colspan="4"><div class="stacktrace">org.testng.SkipException: Data is skipped as User&apos;s Latitude: 24.6463 and User&apos;s Longitude: -168.8889 are not within Fancode City
	at Testing.Fancode_City_Assignment.FancodeUsersTest.TestTodosCompletionForFancodeCityUsers(FancodeUsersTest.java:177)
	at java.base/java.util.ArrayList.forEach(ArrayList.java:1511)
... Removed 27 stack frames</div></td></tr></table><p class="totop"><a href="#summary">back to summary</a></p>
<h3 id="m5">Testing.Fancode_City_Assignment.FancodeUsersTest#TestTodosCompletionForFancodeCityUsers</h3><table class="result"><tr class="param"><th>Parameter #1</th><th>Parameter #2</th><th>Parameter #3</th><th>Parameter #4</th></tr><tr class="param stripe"><td>6</td><td>-71.4197</td><td>71.7478</td><td>30.0</td></tr><tr><th colspan="4">Exception</th></tr><tr><td colspan="4"><div class="stacktrace">org.testng.SkipException: Data is skipped as User&apos;s Latitude: -71.4197 and User&apos;s Longitude: 71.7478 are not within Fancode City
	at Testing.Fancode_City_Assignment.FancodeUsersTest.TestTodosCompletionForFancodeCityUsers(FancodeUsersTest.java:177)
	at java.base/java.util.ArrayList.forEach(ArrayList.java:1511)
... Removed 27 stack frames</div></td></tr></table><p class="totop"><a href="#summary">back to summary</a></p>
<h3 id="m6">Testing.Fancode_City_Assignment.FancodeUsersTest#TestTodosCompletionForFancodeCityUsers</h3><table class="result"><tr class="param"><th>Parameter #1</th><th>Parameter #2</th><th>Parameter #3</th><th>Parameter #4</th></tr><tr class="param stripe"><td>3</td><td>-68.6102</td><td>-47.0653</td><td>35.0</td></tr><tr><th colspan="4">Exception</th></tr><tr><td colspan="4"><div class="stacktrace">org.testng.SkipException: Data is skipped as User&apos;s Latitude: -68.6102 and User&apos;s Longitude: -47.0653 are not within Fancode City
	at Testing.Fancode_City_Assignment.FancodeUsersTest.TestTodosCompletionForFancodeCityUsers(FancodeUsersTest.java:177)
	at java.base/java.util.ArrayList.forEach(ArrayList.java:1511)
... Removed 27 stack frames</div></td></tr></table><p class="totop"><a href="#summary">back to summary</a></p>
<h3 id="m7">Testing.Fancode_City_Assignment.FancodeUsersTest#TestTodosCompletionForFancodeCityUsers</h3><table class="result"><tr class="param"><th>Parameter #1</th><th>Parameter #2</th><th>Parameter #3</th><th>Parameter #4</th></tr><tr class="param stripe"><td>1</td><td>-37.3159</td><td>81.1496</td><td>55.0</td></tr></table><p class="totop"><a href="#summary">back to summary</a></p>
<h3 id="m8">Testing.Fancode_City_Assignment.FancodeUsersTest#TestTodosCompletionForFancodeCityUsers</h3><table class="result"><tr class="param"><th>Parameter #1</th><th>Parameter #2</th><th>Parameter #3</th><th>Parameter #4</th></tr><tr class="param stripe"><td>10</td><td>-38.2386</td><td>57.2232</td><td>60.0</td></tr></table><p class="totop"><a href="#summary">back to summary</a></p>
<h3 id="m9">Testing.Fancode_City_Assignment.FancodeUsersTest#TestTodosCompletionForFancodeCityUsers</h3><table class="result"><tr class="param"><th>Parameter #1</th><th>Parameter #2</th><th>Parameter #3</th><th>Parameter #4</th></tr><tr class="param stripe"><td>5</td><td>-31.8129</td><td>62.5342</td><td>60.0</td></tr></table><p class="totop"><a href="#summary">back to summary</a></p>
<h3 id="m10">Testing.Fancode_City_Assignment.FancodeUsersTest#validateSufficientUsersForFancodeCity</h3><table class="result"><tr><th class="invisible"/></tr></table><p class="totop"><a href="#summary">back to summary</a></p>
</body>
</html>
